Traceback (most recent call last):
  File "/var/www/html/match-sport.org/stream_with_latency.py", line 10, in <module>
    import psutil
ModuleNotFoundError: No module named 'psutil'
Traceback (most recent call last):
  File "/var/www/html/match-sport.org/stream_with_latency.py", line 10, in <module>
    import psutil
ModuleNotFoundError: No module named 'psutil'
Traceback (most recent call last):
  File "/var/www/html/match-sport.org/stream_with_latency.py", line 10, in <module>
    import psutil
ModuleNotFoundError: No module named 'psutil'
Traceback (most recent call last):
  File "/var/www/html/match-sport.org/stream_with_latency.py", line 10, in <module>
    import psutil
ModuleNotFoundError: No module named 'psutil'
